Server seed: 1356383560
HTTP+WS server listening on port 3000
client connected mrpvv3p3wm1eoh ::1
client disconnected mrpvv3p3wm1eoh
client connected mrpvvfiglnyf20 ::1
client connected mrpvvnrpyztzmy ::1
client disconnected mrpvvnrpyztzmy
client connected mrpvvo9fadzwil ::1
client connected mrpvx5k56j4575 ::1
client disconnected mrpvx5k56j4575
client connected mrpvx62pk9m6hs ::1
client disconnected mrpvx62pk9m6hs
client disconnected mrpvvfiglnyf20
client disconnected mrpvvo9fadzwil
client connected mrpw174hnhv7ui ::1
client connected mrpw174iuunkgk ::1
client disconnected mrpw174iuunkgk
client disconnected mrpw174hnhv7ui
client connected mrpw1dfwt1nxf1 ::1
client connected mrpw1dfzlz3g2o ::1
client disconnected mrpw1dfzlz3g2o
client disconnected mrpw1dfwt1nxf1
client connected mrpw25q4a5gc0j ::1
client connected mrpw25q833aznd ::1
client disconnected mrpw25q4a5gc0j
client disconnected mrpw25q833aznd
client connected mrpw28wl42kfhq ::1
client connected mrpw28wolgtvzc ::1
client disconnected mrpw28wolgtvzc
client disconnected mrpw28wl42kfhq
client connected mrpw2phsr6qcak ::1
client connected mrpw2phv96ligo ::1
client disconnected mrpw2phv96ligo
client disconnected mrpw2phsr6qcak
client connected mrpw2uhl37s3k2 ::1
client connected mrpw2uhm8jbmi8 ::1
client disconnected mrpw2uhm8jbmi8
client connected mrpw41zthfev65 ::1
client disconnected mrpw41zthfev65
client connected mrpw4jrw1p1up6 ::1
client disconnected mrpw2uhl37s3k2
client disconnected mrpw4jrw1p1up6
client connected mrpw5yh86px4w2 ::1
client connected mrpw5yhlll8dg5 ::1
client disconnected mrpw5yhlll8dg5
client connected mrpw5zwotc6fiy ::1
client disconnected mrpw5yh86px4w2
client disconnected mrpw5zwotc6fiy
client connected mrpw9r1bioyt1z ::1
client connected mrpw9r1qxam6zu ::1
client disconnected mrpw9r1bioyt1z
client connected mrpw9t45x1j7vl ::1
client disconnected mrpw9r1qxam6zu
client disconnected mrpw9t45x1j7vl
client connected mrpwd128kurm4r ::1
client connected mrpwd129q0dzwf ::1
client disconnected mrpwd128kurm4r
client disconnected mrpwd129q0dzwf
client connected mrpwk1h33gcw7v ::1
client connected mrpwk1h6vaylt6 ::1
client disconnected mrpwk1h6vaylt6
client disconnected mrpwk1h33gcw7v
client connected mrpwkd63ct28gx ::1
client connected mrpwkd6426h9mg ::1
client disconnected mrpwkd63ct28gx
client disconnected mrpwkd6426h9mg
client connected mrpwkk6ge6d28z ::1
client connected mrpwkk6kxgbyif ::1
client disconnected mrpwkk6ge6d28z
client disconnected mrpwkk6kxgbyif
client connected mrpwlp357xfq63 ::1
client connected mrpwlp3balkyak ::1
client disconnected mrpwlp357xfq63
client connected mrpwnh3bj7477z ::1
client disconnected mrpwnh3bj7477z
client connected mrpwnk9a4j9wfw ::1
client disconnected mrpwlp3balkyak
client connected mrpwo2is5m0peq ::1
client disconnected mrpwnk9a4j9wfw
client disconnected mrpwo2is5m0peq
client connected mrpxfpfgh1fjki ::1
client connected mrpxfpfhebwfcp ::1
client disconnected mrpxfpfhebwfcp
client disconnected mrpxfpfgh1fjki
client connected mrpxqwmutgg9ni ::1
client connected mrpxqwmxn0bdla ::1
client disconnected mrpxqwmutgg9ni
client disconnected mrpxqwmxn0bdla
client connected mrpxr163xutdh9 ::1
client connected mrpxr16bgulgi9 ::1
client disconnected mrpxr163xutdh9
client disconnected mrpxr16bgulgi9
client connected mrpxv367z509zv ::1
client connected mrpxv36evcwmtf ::1
client disconnected mrpxv36evcwmtf
client disconnected mrpxv367z509zv
client connected mrpxvb7e5jehh0 ::1
client connected mrpxvb7jmtdchq ::1
client disconnected mrpxvb7e5jehh0
client disconnected mrpxvb7jmtdchq
client connected mrpxvyy2tubqmx ::1
client connected mrpxvyy3ym679k ::1
client disconnected mrpxvyy2tubqmx
client disconnected mrpxvyy3ym679k
client connected mrpxwamm4mkxwd ::1
client connected mrpxwamoy56g5j ::1
client disconnected mrpxwamoy56g5j
client disconnected mrpxwamm4mkxwd
client connected mrpxwfumlq3g2g ::1
client connected mrpxwfuv0fki8q ::1
client disconnected mrpxwfumlq3g2g
client disconnected mrpxwfuv0fki8q
client connected mrpxx5bp31lzbw ::1
client connected mrpxx5brsxrwd3 ::1
client disconnected mrpxx5bp31lzbw
client disconnected mrpxx5brsxrwd3
client connected mrpxxga2hpao30 ::1
client connected mrpxxga6im0ltn ::1
client disconnected mrpxxga6im0ltn
client connected mrpy52tisnazbr ::1
client disconnected mrpxxga2hpao30
client connected mrpy52xsw3l6ag ::1
client disconnected mrpy52xsw3l6ag
client connected mrpy56blfna1m0 ::1
client disconnected mrpy52tisnazbr
client connected mrpy56fn1vhprd ::1
client disconnected mrpy56blfna1m0
client connected mrpy5atyfyebbg ::1
client disconnected mrpy56fn1vhprd
client connected mrpy5awrt207h5 ::1
client disconnected mrpy5atyfyebbg
client connected mrpy5i2w76w4c8 ::1
client disconnected mrpy5awrt207h5
client connected mrpy5i5d2fgoms ::1
client disconnected mrpy5i2w76w4c8
